2020-04-30 20:12:29.169  INFO Angelinas-MacBook-Air.local
			--- [ment.App.main()] c.p.i.App                                : Starting App on Angelinas-MacBook-Air.local with PID 3347 (/Users/angelina/eclipse-workspace/inventoryManagement/target/classes started by angelina in /Users/angelina/eclipse-workspace/inventoryManagement)
2020-04-30 20:12:29.256  INFO Angelinas-MacBook-Air.local
			--- [ment.App.main()] ationConfigEmbeddedWebApplicationContext : Refreshing org.springframework.boot.context.embedded.AnnotationConfigEmbeddedWebApplicationContext@e898eda: startup date [Thu Apr 30 20:12:29 MST 2020]; root of context hierarchy
2020-04-30 20:12:30.396  INFO Angelinas-MacBook-Air.local
			--- [ment.App.main()] o.s.b.f.s.DefaultListableBeanFactory     : Overriding bean definition for bean 'beanNameViewResolver': replacing [Root bean: class [null]; scope=; abstract=false; lazyInit=false; autowireMode=3; dependencyCheck=0; autowireCandidate=true; primary=false; factoryBeanName=org.springframework.boot.autoconfigure.web.ErrorMvcAutoConfiguration$WhitelabelErrorViewConfiguration; factoryMethodName=beanNameViewResolver; initMethodName=null; destroyMethodName=(inferred); defined in class path resource [org/springframework/boot/autoconfigure/web/ErrorMvcAutoConfiguration$WhitelabelErrorViewConfiguration.class]] with [Root bean: class [null]; scope=; abstract=false; lazyInit=false; autowireMode=3; dependencyCheck=0; autowireCandidate=true; primary=false; factoryBeanName=org.springframework.boot.autoconfigure.web.WebMvcAutoConfiguration$WebMvcAutoConfigurationAdapter; factoryMethodName=beanNameViewResolver; initMethodName=null; destroyMethodName=(inferred); defined in class path resource [org/springframework/boot/autoconfigure/web/WebMvcAutoConfiguration$WebMvcAutoConfigurationAdapter.class]]
2020-04-30 20:12:31.302  INFO Angelinas-MacBook-Air.local
			--- [ment.App.main()] o.h.v.i.u.Version                        : HV000001: Hibernate Validator 5.1.3.Final
2020-04-30 20:12:31.668  INFO Angelinas-MacBook-Air.local
			--- [ment.App.main()] trationDelegate$BeanPostProcessorChecker : Bean 'org.springframework.transaction.annotation.ProxyTransactionManagementConfiguration' of type [class org.springframework.transaction.annotation.ProxyTransactionManagementConfiguration$$EnhancerBySpringCGLIB$$e61b607d] is not eligible for getting processed by all BeanPostProcessors (for example: not eligible for auto-proxying)
2020-04-30 20:12:31.731  INFO Angelinas-MacBook-Air.local
			--- [ment.App.main()] trationDelegate$BeanPostProcessorChecker : Bean 'transactionAttributeSource' of type [class org.springframework.transaction.annotation.AnnotationTransactionAttributeSource] is not eligible for getting processed by all BeanPostProcessors (for example: not eligible for auto-proxying)
2020-04-30 20:12:31.749  INFO Angelinas-MacBook-Air.local
			--- [ment.App.main()] trationDelegate$BeanPostProcessorChecker : Bean 'transactionInterceptor' of type [class org.springframework.transaction.interceptor.TransactionInterceptor] is not eligible for getting processed by all BeanPostProcessors (for example: not eligible for auto-proxying)
2020-04-30 20:12:31.759  INFO Angelinas-MacBook-Air.local
			--- [ment.App.main()] trationDelegate$BeanPostProcessorChecker : Bean 'org.springframework.transaction.config.internalTransactionAdvisor' of type [class org.springframework.transaction.interceptor.BeanFactoryTransactionAttributeSourceAdvisor] is not eligible for getting processed by all BeanPostProcessors (for example: not eligible for auto-proxying)
2020-04-30 20:12:32.433  INFO Angelinas-MacBook-Air.local
			--- [ment.App.main()] s.b.c.e.t.TomcatEmbeddedServletContainer : Tomcat initialized with port(s): 8080 (http)
2020-04-30 20:12:32.735  INFO Angelinas-MacBook-Air.local
			--- [ment.App.main()] o.a.c.c.StandardService                  : Starting service Tomcat
2020-04-30 20:12:32.737  INFO Angelinas-MacBook-Air.local
			--- [ment.App.main()] o.a.c.c.StandardEngine                   : Starting Servlet Engine: Apache Tomcat/8.0.26
2020-04-30 20:12:32.854  INFO Angelinas-MacBook-Air.local
			--- [ost-startStop-1] o.a.c.l.WebappLoader                     : Unknown loader jdk.internal.loader.ClassLoaders$AppClassLoader@4f8e5cde class jdk.internal.loader.ClassLoaders$AppClassLoader
2020-04-30 20:12:32.885  INFO Angelinas-MacBook-Air.local
			--- [ost-startStop-1] o.a.c.c.C.[.[.[/]                        : Initializing Spring embedded WebApplicationContext
2020-04-30 20:12:32.886  INFO Angelinas-MacBook-Air.local
			--- [ost-startStop-1] o.s.w.c.ContextLoader                    : Root WebApplicationContext: initialization completed in 3639 ms
2020-04-30 20:12:34.224  INFO Angelinas-MacBook-Air.local
			--- [ost-startStop-1] o.s.b.c.e.ServletRegistrationBean        : Mapping servlet: 'dispatcherServlet' to [/]
2020-04-30 20:12:34.231  INFO Angelinas-MacBook-Air.local
			--- [ost-startStop-1] o.s.b.c.e.FilterRegistrationBean         : Mapping filter: 'characterEncodingFilter' to: [/*]
2020-04-30 20:12:34.232  INFO Angelinas-MacBook-Air.local
			--- [ost-startStop-1] o.s.b.c.e.FilterRegistrationBean         : Mapping filter: 'hiddenHttpMethodFilter' to: [/*]
2020-04-30 20:12:34.701  INFO Angelinas-MacBook-Air.local
			--- [ment.App.main()] j.LocalContainerEntityManagerFactoryBean : Building JPA container EntityManagerFactory for persistence unit 'default'
2020-04-30 20:12:34.717  INFO Angelinas-MacBook-Air.local
			--- [ment.App.main()] o.h.j.i.u.LogHelper                      : HHH000204: Processing PersistenceUnitInfo [
	name: default
	...]
2020-04-30 20:12:34.871  INFO Angelinas-MacBook-Air.local
			--- [ment.App.main()] o.h.Version                              : HHH000412: Hibernate Core {4.3.11.Final}
2020-04-30 20:12:34.874  INFO Angelinas-MacBook-Air.local
			--- [ment.App.main()] o.h.c.Environment                        : HHH000206: hibernate.properties not found
2020-04-30 20:12:34.876  INFO Angelinas-MacBook-Air.local
			--- [ment.App.main()] o.h.c.Environment                        : HHH000021: Bytecode provider name : javassist
2020-04-30 20:12:35.165  INFO Angelinas-MacBook-Air.local
			--- [ment.App.main()] o.h.a.c.Version                          : HCANN000001: Hibernate Commons Annotations {4.0.5.Final}
2020-04-30 20:12:36.296  INFO Angelinas-MacBook-Air.local
			--- [ment.App.main()] o.h.d.Dialect                            : HHH000400: Using dialect: org.hibernate.dialect.MySQL5Dialect
2020-04-30 20:12:36.631  INFO Angelinas-MacBook-Air.local
			--- [ment.App.main()] o.h.h.i.a.ASTQueryTranslatorFactory      : HHH000397: Using ASTQueryTranslatorFactory
2020-04-30 20:12:37.286  INFO Angelinas-MacBook-Air.local
			--- [ment.App.main()] o.h.t.h.SchemaUpdate                     : HHH000228: Running hbm2ddl schema update
2020-04-30 20:12:37.286  INFO Angelinas-MacBook-Air.local
			--- [ment.App.main()] o.h.t.h.SchemaUpdate                     : HHH000102: Fetching database metadata
2020-04-30 20:12:37.289  INFO Angelinas-MacBook-Air.local
			--- [ment.App.main()] o.h.t.h.SchemaUpdate                     : HHH000396: Updating schema
2020-04-30 20:12:37.353  INFO Angelinas-MacBook-Air.local
			--- [ment.App.main()] o.h.t.h.TableMetadata                    : HHH000261: Table found: inventory_api.address
2020-04-30 20:12:37.354  INFO Angelinas-MacBook-Air.local
			--- [ment.App.main()] o.h.t.h.TableMetadata                    : HHH000037: Columns: [zip, city, street, id, state]
2020-04-30 20:12:37.355  INFO Angelinas-MacBook-Air.local
			--- [ment.App.main()] o.h.t.h.TableMetadata                    : HHH000108: Foreign keys: []
2020-04-30 20:12:37.357  INFO Angelinas-MacBook-Air.local
			--- [ment.App.main()] o.h.t.h.TableMetadata                    : HHH000126: Indexes: [primary]
2020-04-30 20:12:37.397  INFO Angelinas-MacBook-Air.local
			--- [ment.App.main()] o.h.t.h.TableMetadata                    : HHH000261: Table found: inventory_api.customer
2020-04-30 20:12:37.397  INFO Angelinas-MacBook-Air.local
			--- [ment.App.main()] o.h.t.h.TableMetadata                    : HHH000037: Columns: [level, last_name, id, first_name]
2020-04-30 20:12:37.398  INFO Angelinas-MacBook-Air.local
			--- [ment.App.main()] o.h.t.h.TableMetadata                    : HHH000108: Foreign keys: []
2020-04-30 20:12:37.398  INFO Angelinas-MacBook-Air.local
			--- [ment.App.main()] o.h.t.h.TableMetadata                    : HHH000126: Indexes: [primary]
2020-04-30 20:12:37.438  INFO Angelinas-MacBook-Air.local
			--- [ment.App.main()] o.h.t.h.TableMetadata                    : HHH000261: Table found: inventory_api.order
2020-04-30 20:12:37.438  INFO Angelinas-MacBook-Air.local
			--- [ment.App.main()] o.h.t.h.TableMetadata                    : HHH000037: Columns: [ordered, delivered, id, estimated_delivery, customer_id, invoice_amount, status]
2020-04-30 20:12:37.438  INFO Angelinas-MacBook-Air.local
			--- [ment.App.main()] o.h.t.h.TableMetadata                    : HHH000108: Foreign keys: [fk_m6q2ofkj1g5aobtb2p00ajpqg]
2020-04-30 20:12:37.439  INFO Angelinas-MacBook-Air.local
			--- [ment.App.main()] o.h.t.h.TableMetadata                    : HHH000126: Indexes: [fk_m6q2ofkj1g5aobtb2p00ajpqg, primary]
2020-04-30 20:12:37.478  INFO Angelinas-MacBook-Air.local
			--- [ment.App.main()] o.h.t.h.TableMetadata                    : HHH000261: Table found: inventory_api.product_order
2020-04-30 20:12:37.479  INFO Angelinas-MacBook-Air.local
			--- [ment.App.main()] o.h.t.h.TableMetadata                    : HHH000037: Columns: [product_id, order_id]
2020-04-30 20:12:37.480  INFO Angelinas-MacBook-Air.local
			--- [ment.App.main()] o.h.t.h.TableMetadata                    : HHH000108: Foreign keys: [fk_5uw5nxqovigv7mf1gmbos1rl8, fk_sf5yp37b7qt63qqoq25f82lpu]
2020-04-30 20:12:37.480  INFO Angelinas-MacBook-Air.local
			--- [ment.App.main()] o.h.t.h.TableMetadata                    : HHH000126: Indexes: [fk_5uw5nxqovigv7mf1gmbos1rl8, primary]
2020-04-30 20:12:37.503  INFO Angelinas-MacBook-Air.local
			--- [ment.App.main()] o.h.t.h.TableMetadata                    : HHH000261: Table found: inventory_api.product
2020-04-30 20:12:37.503  INFO Angelinas-MacBook-Air.local
			--- [ment.App.main()] o.h.t.h.TableMetadata                    : HHH000037: Columns: [price, name, description, id]
2020-04-30 20:12:37.504  INFO Angelinas-MacBook-Air.local
			--- [ment.App.main()] o.h.t.h.TableMetadata                    : HHH000108: Foreign keys: []
2020-04-30 20:12:37.505  INFO Angelinas-MacBook-Air.local
			--- [ment.App.main()] o.h.t.h.TableMetadata                    : HHH000126: Indexes: [primary]
2020-04-30 20:12:37.506  INFO Angelinas-MacBook-Air.local
			--- [ment.App.main()] o.h.t.h.SchemaUpdate                     : HHH000232: Schema update complete
2020-04-30 20:12:38.377  INFO Angelinas-MacBook-Air.local
			--- [ment.App.main()] s.w.s.m.m.a.RequestMappingHandlerAdapter : Looking for @ControllerAdvice: org.springframework.boot.context.embedded.AnnotationConfigEmbeddedWebApplicationContext@e898eda: startup date [Thu Apr 30 20:12:29 MST 2020]; root of context hierarchy
2020-04-30 20:12:38.539  INFO Angelinas-MacBook-Air.local
			--- [ment.App.main()] s.w.s.m.m.a.RequestMappingHandlerMapping : Mapped "{[/customers/{id}/orders],methods=[POST]}" onto public org.springframework.http.ResponseEntity<java.lang.Object> com.promineotech.inventoryManagement.controller.OrderController.createOrder(java.util.Set<java.lang.Long>,java.lang.Long)
2020-04-30 20:12:38.540  INFO Angelinas-MacBook-Air.local
			--- [ment.App.main()] s.w.s.m.m.a.RequestMappingHandlerMapping : Mapped "{[/customers/{id}/orders/{orderId}],methods=[PUT]}" onto public org.springframework.http.ResponseEntity<java.lang.Object> com.promineotech.inventoryManagement.controller.OrderController.updateOrder(com.promineotech.inventoryManagement.entity.Order,java.lang.Long)
2020-04-30 20:12:38.541  INFO Angelinas-MacBook-Air.local
			--- [ment.App.main()] s.w.s.m.m.a.RequestMappingHandlerMapping : Mapped "{[/customers/{id}],methods=[GET]}" onto public org.springframework.http.ResponseEntity<java.lang.Object> com.promineotech.inventoryManagement.controller.CustomerController.getCustomer(java.lang.Long)
2020-04-30 20:12:38.542  INFO Angelinas-MacBook-Air.local
			--- [ment.App.main()] s.w.s.m.m.a.RequestMappingHandlerMapping : Mapped "{[/customers],methods=[GET]}" onto public org.springframework.http.ResponseEntity<java.lang.Object> com.promineotech.inventoryManagement.controller.CustomerController.getCustomers()
2020-04-30 20:12:38.543  INFO Angelinas-MacBook-Air.local
			--- [ment.App.main()] s.w.s.m.m.a.RequestMappingHandlerMapping : Mapped "{[/customers],methods=[POST]}" onto public org.springframework.http.ResponseEntity<java.lang.Object> com.promineotech.inventoryManagement.controller.CustomerController.createCustomer(com.promineotech.inventoryManagement.entity.Customer)
2020-04-30 20:12:38.544  INFO Angelinas-MacBook-Air.local
			--- [ment.App.main()] s.w.s.m.m.a.RequestMappingHandlerMapping : Mapped "{[/customers/{id}],methods=[PUT]}" onto public org.springframework.http.ResponseEntity<java.lang.Object> com.promineotech.inventoryManagement.controller.CustomerController.updateCustomer(com.promineotech.inventoryManagement.entity.Customer,java.lang.Long)
2020-04-30 20:12:38.544  INFO Angelinas-MacBook-Air.local
			--- [ment.App.main()] s.w.s.m.m.a.RequestMappingHandlerMapping : Mapped "{[/customers/{id}],methods=[DELETE]}" onto public org.springframework.http.ResponseEntity<java.lang.Object> com.promineotech.inventoryManagement.controller.CustomerController.deleteCustomer(java.lang.Long)
2020-04-30 20:12:38.545  INFO Angelinas-MacBook-Air.local
			--- [ment.App.main()] s.w.s.m.m.a.RequestMappingHandlerMapping : Mapped "{[/products],methods=[GET]}" onto public org.springframework.http.ResponseEntity<java.lang.Object> com.promineotech.inventoryManagement.controller.ProductController.getProducts()
2020-04-30 20:12:38.546  INFO Angelinas-MacBook-Air.local
			--- [ment.App.main()] s.w.s.m.m.a.RequestMappingHandlerMapping : Mapped "{[/products],methods=[POST]}" onto public org.springframework.http.ResponseEntity<java.lang.Object> com.promineotech.inventoryManagement.controller.ProductController.createProduct(com.promineotech.inventoryManagement.entity.Product)
2020-04-30 20:12:38.546  INFO Angelinas-MacBook-Air.local
			--- [ment.App.main()] s.w.s.m.m.a.RequestMappingHandlerMapping : Mapped "{[/products/{id}],methods=[PUT]}" onto public org.springframework.http.ResponseEntity<java.lang.Object> com.promineotech.inventoryManagement.controller.ProductController.updateProduct(com.promineotech.inventoryManagement.entity.Product,java.lang.Long)
2020-04-30 20:12:38.546  INFO Angelinas-MacBook-Air.local
			--- [ment.App.main()] s.w.s.m.m.a.RequestMappingHandlerMapping : Mapped "{[/products/{id}],methods=[DELETE]}" onto public org.springframework.http.ResponseEntity<java.lang.Object> com.promineotech.inventoryManagement.controller.ProductController.deleteProduct(java.lang.Long)
2020-04-30 20:12:38.548  INFO Angelinas-MacBook-Air.local
			--- [ment.App.main()] s.w.s.m.m.a.RequestMappingHandlerMapping : Mapped "{[/error]}" onto public org.springframework.http.ResponseEntity<java.util.Map<java.lang.String, java.lang.Object>> org.springframework.boot.autoconfigure.web.BasicErrorController.error(javax.servlet.http.HttpServletRequest)
2020-04-30 20:12:38.549  INFO Angelinas-MacBook-Air.local
			--- [ment.App.main()] s.w.s.m.m.a.RequestMappingHandlerMapping : Mapped "{[/error],produces=[text/html]}" onto public org.springframework.web.servlet.ModelAndView org.springframework.boot.autoconfigure.web.BasicErrorController.errorHtml(javax.servlet.http.HttpServletRequest)
2020-04-30 20:12:38.615  INFO Angelinas-MacBook-Air.local
			--- [ment.App.main()] o.s.w.s.h.SimpleUrlHandlerMapping        : Mapped URL path [/webjars/**] onto handler of type [class org.springframework.web.servlet.resource.ResourceHttpRequestHandler]
2020-04-30 20:12:38.616  INFO Angelinas-MacBook-Air.local
			--- [ment.App.main()] o.s.w.s.h.SimpleUrlHandlerMapping        : Mapped URL path [/**] onto handler of type [class org.springframework.web.servlet.resource.ResourceHttpRequestHandler]
2020-04-30 20:12:38.693  INFO Angelinas-MacBook-Air.local
			--- [ment.App.main()] o.s.w.s.h.SimpleUrlHandlerMapping        : Mapped URL path [/**/favicon.ico] onto handler of type [class org.springframework.web.servlet.resource.ResourceHttpRequestHandler]
2020-04-30 20:12:39.037  INFO Angelinas-MacBook-Air.local
			--- [ment.App.main()] o.s.j.e.a.AnnotationMBeanExporter        : Registering beans for JMX exposure on startup
2020-04-30 20:12:39.087  INFO Angelinas-MacBook-Air.local
			--- [ment.App.main()] o.a.c.h.Http11NioProtocol                : Initializing ProtocolHandler ["http-nio-8080"]
2020-04-30 20:12:39.101  INFO Angelinas-MacBook-Air.local
			--- [ment.App.main()] o.a.c.h.Http11NioProtocol                : Starting ProtocolHandler ["http-nio-8080"]
2020-04-30 20:12:39.128  INFO Angelinas-MacBook-Air.local
			--- [ment.App.main()] o.a.t.u.n.NioSelectorPool                : Using a shared selector for servlet write/read
2020-04-30 20:12:39.156  INFO Angelinas-MacBook-Air.local
			--- [ment.App.main()] s.b.c.e.t.TomcatEmbeddedServletContainer : Tomcat started on port(s): 8080 (http)
2020-04-30 20:12:39.164  INFO Angelinas-MacBook-Air.local
			--- [ment.App.main()] c.p.i.App                                : Started App in 10.476 seconds (JVM running for 17.946)
2020-04-30 20:14:55.996  INFO Angelinas-MacBook-Air.local
			--- [       Thread-1] ationConfigEmbeddedWebApplicationContext : Closing org.springframework.boot.context.embedded.AnnotationConfigEmbeddedWebApplicationContext@e898eda: startup date [Thu Apr 30 20:12:29 MST 2020]; root of context hierarchy
